c:\users\егор\desktop\курсач\universityscapes\pivo\x64\debug\vc143.pdb
c:\users\егор\desktop\курсач\universityscapes\pivo\x64\debug\vc143.idb
c:\users\егор\desktop\курсач\universityscapes\pivo\x64\debug\match3screen.obj
c:\users\егор\desktop\курсач\universityscapes\pivo\x64\debug\mapscreen.obj
c:\users\егор\desktop\курсач\universityscapes\pivo\x64\debug\main.obj
c:\users\егор\desktop\курсач\universityscapes\pivo\x64\debug\gamescreen.obj
c:\users\егор\desktop\курсач\universityscapes\pivo\x64\debug\cityupgradescreen.obj
c:\users\егор\desktop\курсач\universityscapes\pivo\x64\debug\button.obj
c:\users\егор\desktop\курсач\universityscapes\pivo\x64\debug\app.obj
c:\users\егор\desktop\курсач\universityscapes\pivo\x64\debug\pivo.ilk
c:\users\егор\desktop\курсач\universityscapes\x64\debug\pivo.exe
c:\users\егор\desktop\курсач\universityscapes\x64\debug\pivo.pdb
c:\users\егор\desktop\курсач2\universityscapes\pivo\x64\debug\app.obj
c:\users\егор\desktop\курсач2\universityscapes\pivo\x64\debug\button.obj
c:\users\егор\desktop\курсач2\universityscapes\pivo\x64\debug\cityupgradescreen.obj
c:\users\егор\desktop\курсач2\universityscapes\pivo\x64\debug\gamescreen.obj
c:\users\егор\desktop\курсач2\universityscapes\pivo\x64\debug\main.obj
c:\users\егор\desktop\курсач2\universityscapes\pivo\x64\debug\mapscreen.obj
c:\users\егор\desktop\курсач2\universityscapes\pivo\x64\debug\match3screen.obj
c:\users\егор\desktop\курсач2\universityscapes\pivo\x64\debug\pivo.ilk
c:\users\егор\desktop\курсач2\universityscapes\pivo\x64\debug\vc143.idb
c:\users\егор\desktop\курсач2\universityscapes\pivo\x64\debug\vc143.pdb
c:\users\егор\desktop\курсач2\universityscapes\x64\debug\pivo.pdb
c:\users\егор\desktop\курсач2\universityscapes\x64\debug\pivo.exe
c:\users\егор\desktop\курсач2\universityscapes\pivo\x64\debug\pivo.tlog\cl.command.1.tlog
c:\users\егор\desktop\курсач2\universityscapes\pivo\x64\debug\pivo.tlog\cl.items.tlog
c:\users\егор\desktop\курсач2\universityscapes\pivo\x64\debug\pivo.tlog\cl.read.1.tlog
c:\users\егор\desktop\курсач2\universityscapes\pivo\x64\debug\pivo.tlog\cl.write.1.tlog
c:\users\егор\desktop\курсач2\universityscapes\pivo\x64\debug\pivo.tlog\link.command.1.tlog
c:\users\егор\desktop\курсач2\universityscapes\pivo\x64\debug\pivo.tlog\link.read.1.tlog
c:\users\егор\desktop\курсач2\universityscapes\pivo\x64\debug\pivo.tlog\link.write.1.tlog
